{
  "stats": {
    "suites": 1,
    "tests": 2,
    "passes": 1,
    "pending": 0,
    "failures": 1,
    "start": "2021-09-29T00:38:12.222Z",
    "end": "2021-09-29T00:38:16.026Z",
    "duration": 3720,
    "testsRegistered": 2,
    "passPercent": 50,
    "pendingPercent": 0,
    "other": 0,
    "hasOther": false,
    "skipped": 0,
    "hasSkipped": false
  },
  "results": [
    {
      "uuid": "bb62d65f-4d63-413b-a5bb-c12ecfc95179",
      "title": "",
      "fullFile": "cypress/integration/custom_examples/test_3.spec.js",
      "file": "cypress/integration/custom_examples/test_3.spec.js",
      "beforeHooks": [],
      "afterHooks": [],
      "tests": [],
      "suites": [
        {
          "uuid": "09812827-9f1f-4e1b-84b1-15fc9891e7f2",
          "title": "suite number 3",
          "fullFile": "",
          "file": "",
          "beforeHooks": [],
          "afterHooks": [],
          "tests": [
            {
              "title": "suite3 test1",
              "fullTitle": "suite number 3 suite3 test1",
              "timedOut": null,
              "duration": 592,
              "state": "failed",
              "speed": null,
              "pass": false,
              "fail": true,
              "pending": false,
              "context": null,
              "code": "cy.wait(Math.floor(Math.random() * 3000) + 1000);\nthrow new Error('Failed on Purpose');",
              "err": {
                "message": "Error: Failed on Purpose",
                "estack": "Error: Failed on Purpose\n    at Context.eval (http://localhost:52829/__cypress/tests?p=cypress/integration/custom_examples/test_3.spec.js:102:11)",
                "diff": null
              },
              "uuid": "443c6c55-27ed-414a-a7ab-13b6b0b1bf8a",
              "parentUUID": "09812827-9f1f-4e1b-84b1-15fc9891e7f2",
              "isHook": false,
              "skipped": false
            },
            {
              "title": "suite3 test2",
              "fullTitle": "suite number 3 suite3 test2",
              "timedOut": null,
              "duration": 3128,
              "state": "passed",
              "speed": "slow",
              "pass": true,
              "fail": false,
              "pending": false,
              "context": null,
              "code": "cy.wait(Math.floor(Math.random() * 3000) + 1000);",
              "err": {},
              "uuid": "d8ccb4fa-1e70-4d65-8924-61ff864f1e37",
              "parentUUID": "09812827-9f1f-4e1b-84b1-15fc9891e7f2",
              "isHook": false,
              "skipped": false
            }
          ],
          "suites": [],
          "passes": [
            "d8ccb4fa-1e70-4d65-8924-61ff864f1e37"
          ],
          "failures": [
            "443c6c55-27ed-414a-a7ab-13b6b0b1bf8a"
          ],
          "pending": [],
          "skipped": [],
          "duration": 3720,
          "root": false,
          "rootEmpty": false,
          "_timeout": 2000
        }
      ],
      "passes": [],
      "failures": [],
      "pending": [],
      "skipped": [],
      "duration": 0,
      "root": true,
      "rootEmpty": true,
      "_timeout": 2000
    }
  ],
  "meta": {
    "mocha": {
      "version": "7.0.1"
    },
    "mochawesome": {
      "options": {
        "quiet": false,
        "reportFilename": "mochawesome",
        "saveHtml": false,
        "saveJson": true,
        "consoleReporter": "spec",
        "useInlineDiffs": false,
        "code": true
      },
      "version": "6.2.2"
    },
    "marge": {
      "options": {
        "reportDir": "cypress/reports/testCaseResults",
        "overwrite": false,
        "html": false,
        "json": true
      },
      "version": "5.2.0"
    }
  }
}