{
  "stats": {
    "suites": 1,
    "tests": 2,
    "passes": 2,
    "pending": 0,
    "failures": 0,
    "start": "2021-09-29T00:34:39.773Z",
    "end": "2021-09-29T00:34:44.790Z",
    "duration": 4986,
    "testsRegistered": 2,
    "passPercent": 100,
    "pendingPercent": 0,
    "other": 0,
    "hasOther": false,
    "skipped": 0,
    "hasSkipped": false
  },
  "results": [
    {
      "uuid": "ffeea697-6e75-4b99-8b59-e3a257e200b4",
      "title": "",
      "fullFile": "cypress/integration/custom_examples/test_3.spec.js",
      "file": "cypress/integration/custom_examples/test_3.spec.js",
      "beforeHooks": [],
      "afterHooks": [],
      "tests": [],
      "suites": [
        {
          "uuid": "b87125ea-0288-4d49-926a-e34735d8a4e4",
          "title": "suite number 3",
          "fullFile": "",
          "file": "",
          "beforeHooks": [],
          "afterHooks": [],
          "tests": [
            {
              "title": "suite3 test1",
              "fullTitle": "suite number 3 suite3 test1",
              "timedOut": null,
              "duration": 1559,
              "state": "passed",
              "speed": "slow",
              "pass": true,
              "fail": false,
              "pending": false,
              "context": null,
              "code": "cy.wait(Math.floor(Math.random() * 3000) + 1000); // throw new Error('Failed on Purpose')",
              "err": {},
              "uuid": "4dc05305-6be8-405f-ade5-8390d08eef1a",
              "parentUUID": "b87125ea-0288-4d49-926a-e34735d8a4e4",
              "isHook": false,
              "skipped": false
            },
            {
              "title": "suite3 test2",
              "fullTitle": "suite number 3 suite3 test2",
              "timedOut": null,
              "duration": 3427,
              "state": "passed",
              "speed": "slow",
              "pass": true,
              "fail": false,
              "pending": false,
              "context": null,
              "code": "cy.wait(Math.floor(Math.random() * 3000) + 1000);",
              "err": {},
              "uuid": "49a48503-412d-4a5e-b171-efc6223da1c8",
              "parentUUID": "b87125ea-0288-4d49-926a-e34735d8a4e4",
              "isHook": false,
              "skipped": false
            }
          ],
          "suites": [],
          "passes": [
            "4dc05305-6be8-405f-ade5-8390d08eef1a",
            "49a48503-412d-4a5e-b171-efc6223da1c8"
          ],
          "failures": [],
          "pending": [],
          "skipped": [],
          "duration": 4986,
          "root": false,
          "rootEmpty": false,
          "_timeout": 2000
        }
      ],
      "passes": [],
      "failures": [],
      "pending": [],
      "skipped": [],
      "duration": 0,
      "root": true,
      "rootEmpty": true,
      "_timeout": 2000
    }
  ],
  "meta": {
    "mocha": {
      "version": "7.0.1"
    },
    "mochawesome": {
      "options": {
        "quiet": false,
        "reportFilename": "mochawesome",
        "saveHtml": false,
        "saveJson": true,
        "consoleReporter": "spec",
        "useInlineDiffs": false,
        "code": true
      },
      "version": "6.2.2"
    },
    "marge": {
      "options": {
        "reportDir": "cypress/reports/testCaseResults",
        "overwrite": false,
        "html": false,
        "json": true
      },
      "version": "5.2.0"
    }
  }
}